2014/06/14 16:34:45 [error] [php] Use of undefined constant POWERED_BY - assumed 'POWERED_BY' (C:\wamp\www\Hai_interactive\adminpanel\musicstore\protected\views\layouts\main.php:53)
Stack trace:
#0 C:\wamp\www\yii\framework\web\widgets\CContentDecorator.php(77): SiteController->renderFile()
#1 C:\wamp\www\yii\framework\web\widgets\CContentDecorator.php(55): CContentDecorator->decorate()
#2 C:\wamp\www\yii\framework\web\widgets\COutputProcessor.php(45): CContentDecorator->processOutput()
#3 C:\wamp\www\yii\framework\web\CBaseController.php(207): CContentDecorator->run()
#4 C:\wamp\www\yii\framework\web\CBaseController.php(301): SiteController->endWidget()
#5 C:\wamp\www\Hai_interactive\adminpanel\musicstore\protected\views\layouts\column1.php(6): SiteController->endContent()
#6 C:\wamp\www\yii\framework\web\CBaseController.php(127): require()
#7 C:\wamp\www\yii\framework\web\CBaseController.php(96): SiteController->renderInternal()
#8 C:\wamp\www\yii\framework\web\CController.php(785): SiteController->renderFile()
#9 C:\wamp\www\Hai_interactive\adminpanel\musicstore\protected\controllers\SiteController.php(32): SiteController->render()
#10 C:\wamp\www\yii\framework\web\actions\CInlineAction.php(50): SiteController->actionIndex()
#11 C:\wamp\www\yii\framework\web\CController.php(309): CInlineAction->runWithParams()
#12 C:\wamp\www\yii\framework\web\CController.php(287): SiteController->runAction()
#13 C:\wamp\www\yii\framework\web\CController.php(266): SiteController->runActionWithFilters()
#14 C:\wamp\www\yii\framework\web\CWebApplication.php(283): SiteController->run()
#15 C:\wamp\www\yii\framework\web\CWebApplication.php(142): CWebApplication->runController()
#16 C:\wamp\www\yii\framework\base\CApplication.php(162): CWebApplication->processRequest()
#17 C:\wamp\www\Hai_interactive\adminpanel\musicstore\index.php(13): CWebApplication->run()
REQUEST_URI=/musicstore/
in C:\wamp\www\Hai_interactive\adminpanel\musicstore\protected\views\layouts\main.php (53)
in C:\wamp\www\Hai_interactive\adminpanel\musicstore\protected\views\layouts\column1.php (6)
in C:\wamp\www\Hai_interactive\adminpanel\musicstore\protected\controllers\SiteController.php (32)
2014/06/14 16:35:01 [error] [php] Use of undefined constant POWERED_BY - assumed 'POWERED_BY' (C:\wamp\www\Hai_interactive\adminpanel\musicstore\protected\views\layouts\main.php:53)
Stack trace:
#0 C:\wamp\www\yii\framework\web\widgets\CContentDecorator.php(77): SiteController->renderFile()
#1 C:\wamp\www\yii\framework\web\widgets\CContentDecorator.php(55): CContentDecorator->decorate()
#2 C:\wamp\www\yii\framework\web\widgets\COutputProcessor.php(45): CContentDecorator->processOutput()
#3 C:\wamp\www\yii\framework\web\CBaseController.php(207): CContentDecorator->run()
#4 C:\wamp\www\yii\framework\web\CBaseController.php(301): SiteController->endWidget()
#5 C:\wamp\www\Hai_interactive\adminpanel\musicstore\protected\views\layouts\column1.php(6): SiteController->endContent()
#6 C:\wamp\www\yii\framework\web\CBaseController.php(127): require()
#7 C:\wamp\www\yii\framework\web\CBaseController.php(96): SiteController->renderInternal()
#8 C:\wamp\www\yii\framework\web\CController.php(785): SiteController->renderFile()
#9 C:\wamp\www\Hai_interactive\adminpanel\musicstore\protected\controllers\SiteController.php(32): SiteController->render()
#10 C:\wamp\www\yii\framework\web\actions\CInlineAction.php(50): SiteController->actionIndex()
#11 C:\wamp\www\yii\framework\web\CController.php(309): CInlineAction->runWithParams()
#12 C:\wamp\www\yii\framework\web\CController.php(287): SiteController->runAction()
#13 C:\wamp\www\yii\framework\web\CController.php(266): SiteController->runActionWithFilters()
#14 C:\wamp\www\yii\framework\web\CWebApplication.php(283): SiteController->run()
#15 C:\wamp\www\yii\framework\web\CWebApplication.php(142): CWebApplication->runController()
#16 C:\wamp\www\yii\framework\base\CApplication.php(162): CWebApplication->processRequest()
#17 C:\wamp\www\Hai_interactive\adminpanel\musicstore\index.php(13): CWebApplication->run()
REQUEST_URI=/musicstore/
in C:\wamp\www\Hai_interactive\adminpanel\musicstore\protected\views\layouts\main.php (53)
in C:\wamp\www\Hai_interactive\adminpanel\musicstore\protected\views\layouts\column1.php (6)
in C:\wamp\www\Hai_interactive\adminpanel\musicstore\protected\controllers\SiteController.php (32)
2014/06/14 16:35:02 [error] [php] Use of undefined constant POWERED_BY - assumed 'POWERED_BY' (C:\wamp\www\Hai_interactive\adminpanel\musicstore\protected\views\layouts\main.php:53)
Stack trace:
#0 C:\wamp\www\yii\framework\web\widgets\CContentDecorator.php(77): SiteController->renderFile()
#1 C:\wamp\www\yii\framework\web\widgets\CContentDecorator.php(55): CContentDecorator->decorate()
#2 C:\wamp\www\yii\framework\web\widgets\COutputProcessor.php(45): CContentDecorator->processOutput()
#3 C:\wamp\www\yii\framework\web\CBaseController.php(207): CContentDecorator->run()
#4 C:\wamp\www\yii\framework\web\CBaseController.php(301): SiteController->endWidget()
#5 C:\wamp\www\Hai_interactive\adminpanel\musicstore\protected\views\layouts\column1.php(6): SiteController->endContent()
#6 C:\wamp\www\yii\framework\web\CBaseController.php(127): require()
#7 C:\wamp\www\yii\framework\web\CBaseController.php(96): SiteController->renderInternal()
#8 C:\wamp\www\yii\framework\web\CController.php(785): SiteController->renderFile()
#9 C:\wamp\www\Hai_interactive\adminpanel\musicstore\protected\controllers\SiteController.php(32): SiteController->render()
#10 C:\wamp\www\yii\framework\web\actions\CInlineAction.php(50): SiteController->actionIndex()
#11 C:\wamp\www\yii\framework\web\CController.php(309): CInlineAction->runWithParams()
#12 C:\wamp\www\yii\framework\web\CController.php(287): SiteController->runAction()
#13 C:\wamp\www\yii\framework\web\CController.php(266): SiteController->runActionWithFilters()
#14 C:\wamp\www\yii\framework\web\CWebApplication.php(283): SiteController->run()
#15 C:\wamp\www\yii\framework\web\CWebApplication.php(142): CWebApplication->runController()
#16 C:\wamp\www\yii\framework\base\CApplication.php(162): CWebApplication->processRequest()
#17 C:\wamp\www\Hai_interactive\adminpanel\musicstore\index.php(13): CWebApplication->run()
REQUEST_URI=/musicstore/
in C:\wamp\www\Hai_interactive\adminpanel\musicstore\protected\views\layouts\main.php (53)
in C:\wamp\www\Hai_interactive\adminpanel\musicstore\protected\views\layouts\column1.php (6)
in C:\wamp\www\Hai_interactive\adminpanel\musicstore\protected\controllers\SiteController.php (32)
2014/06/14 16:36:20 [error] [php] Use of undefined constant POWERED_BY - assumed 'POWERED_BY' (C:\wamp\www\Hai_interactive\adminpanel\musicstore\protected\views\layouts\main.php:53)
Stack trace:
#0 C:\wamp\www\yii\framework\web\widgets\CContentDecorator.php(77): SiteController->renderFile()
#1 C:\wamp\www\yii\framework\web\widgets\CContentDecorator.php(55): CContentDecorator->decorate()
#2 C:\wamp\www\yii\framework\web\widgets\COutputProcessor.php(45): CContentDecorator->processOutput()
#3 C:\wamp\www\yii\framework\web\CBaseController.php(207): CContentDecorator->run()
#4 C:\wamp\www\yii\framework\web\CBaseController.php(301): SiteController->endWidget()
#5 C:\wamp\www\Hai_interactive\adminpanel\musicstore\protected\views\layouts\column1.php(6): SiteController->endContent()
#6 C:\wamp\www\yii\framework\web\CBaseController.php(127): require()
#7 C:\wamp\www\yii\framework\web\CBaseController.php(96): SiteController->renderInternal()
#8 C:\wamp\www\yii\framework\web\CController.php(785): SiteController->renderFile()
#9 C:\wamp\www\Hai_interactive\adminpanel\musicstore\protected\controllers\SiteController.php(32): SiteController->render()
#10 C:\wamp\www\yii\framework\web\actions\CInlineAction.php(50): SiteController->actionIndex()
#11 C:\wamp\www\yii\framework\web\CController.php(309): CInlineAction->runWithParams()
#12 C:\wamp\www\yii\framework\web\CController.php(287): SiteController->runAction()
#13 C:\wamp\www\yii\framework\web\CController.php(266): SiteController->runActionWithFilters()
#14 C:\wamp\www\yii\framework\web\CWebApplication.php(283): SiteController->run()
#15 C:\wamp\www\yii\framework\web\CWebApplication.php(142): CWebApplication->runController()
#16 C:\wamp\www\yii\framework\base\CApplication.php(162): CWebApplication->processRequest()
#17 C:\wamp\www\Hai_interactive\adminpanel\musicstore\index.php(13): CWebApplication->run()
REQUEST_URI=/musicstore/
in C:\wamp\www\Hai_interactive\adminpanel\musicstore\protected\views\layouts\main.php (53)
in C:\wamp\www\Hai_interactive\adminpanel\musicstore\protected\views\layouts\column1.php (6)
in C:\wamp\www\Hai_interactive\adminpanel\musicstore\protected\controllers\SiteController.php (32)
2014/06/14 16:36:20 [error] [php] Use of undefined constant POWERED_BY - assumed 'POWERED_BY' (C:\wamp\www\Hai_interactive\adminpanel\musicstore\protected\views\layouts\main.php:53)
Stack trace:
#0 C:\wamp\www\yii\framework\web\widgets\CContentDecorator.php(77): SiteController->renderFile()
#1 C:\wamp\www\yii\framework\web\widgets\CContentDecorator.php(55): CContentDecorator->decorate()
#2 C:\wamp\www\yii\framework\web\widgets\COutputProcessor.php(45): CContentDecorator->processOutput()
#3 C:\wamp\www\yii\framework\web\CBaseController.php(207): CContentDecorator->run()
#4 C:\wamp\www\yii\framework\web\CBaseController.php(301): SiteController->endWidget()
#5 C:\wamp\www\Hai_interactive\adminpanel\musicstore\protected\views\layouts\column1.php(6): SiteController->endContent()
#6 C:\wamp\www\yii\framework\web\CBaseController.php(127): require()
#7 C:\wamp\www\yii\framework\web\CBaseController.php(96): SiteController->renderInternal()
#8 C:\wamp\www\yii\framework\web\CController.php(785): SiteController->renderFile()
#9 C:\wamp\www\Hai_interactive\adminpanel\musicstore\protected\controllers\SiteController.php(32): SiteController->render()
#10 C:\wamp\www\yii\framework\web\actions\CInlineAction.php(50): SiteController->actionIndex()
#11 C:\wamp\www\yii\framework\web\CController.php(309): CInlineAction->runWithParams()
#12 C:\wamp\www\yii\framework\web\CController.php(287): SiteController->runAction()
#13 C:\wamp\www\yii\framework\web\CController.php(266): SiteController->runActionWithFilters()
#14 C:\wamp\www\yii\framework\web\CWebApplication.php(283): SiteController->run()
#15 C:\wamp\www\yii\framework\web\CWebApplication.php(142): CWebApplication->runController()
#16 C:\wamp\www\yii\framework\base\CApplication.php(162): CWebApplication->processRequest()
#17 C:\wamp\www\Hai_interactive\adminpanel\musicstore\index.php(13): CWebApplication->run()
REQUEST_URI=/musicstore/
in C:\wamp\www\Hai_interactive\adminpanel\musicstore\protected\views\layouts\main.php (53)
in C:\wamp\www\Hai_interactive\adminpanel\musicstore\protected\views\layouts\column1.php (6)
in C:\wamp\www\Hai_interactive\adminpanel\musicstore\protected\controllers\SiteController.php (32)
2014/06/14 16:36:20 [error] [php] Use of undefined constant POWERED_BY - assumed 'POWERED_BY' (C:\wamp\www\Hai_interactive\adminpanel\musicstore\protected\views\layouts\main.php:53)
Stack trace:
#0 C:\wamp\www\yii\framework\web\widgets\CContentDecorator.php(77): SiteController->renderFile()
#1 C:\wamp\www\yii\framework\web\widgets\CContentDecorator.php(55): CContentDecorator->decorate()
#2 C:\wamp\www\yii\framework\web\widgets\COutputProcessor.php(45): CContentDecorator->processOutput()
#3 C:\wamp\www\yii\framework\web\CBaseController.php(207): CContentDecorator->run()
#4 C:\wamp\www\yii\framework\web\CBaseController.php(301): SiteController->endWidget()
#5 C:\wamp\www\Hai_interactive\adminpanel\musicstore\protected\views\layouts\column1.php(6): SiteController->endContent()
#6 C:\wamp\www\yii\framework\web\CBaseController.php(127): require()
#7 C:\wamp\www\yii\framework\web\CBaseController.php(96): SiteController->renderInternal()
#8 C:\wamp\www\yii\framework\web\CController.php(785): SiteController->renderFile()
#9 C:\wamp\www\Hai_interactive\adminpanel\musicstore\protected\controllers\SiteController.php(32): SiteController->render()
#10 C:\wamp\www\yii\framework\web\actions\CInlineAction.php(50): SiteController->actionIndex()
#11 C:\wamp\www\yii\framework\web\CController.php(309): CInlineAction->runWithParams()
#12 C:\wamp\www\yii\framework\web\CController.php(287): SiteController->runAction()
#13 C:\wamp\www\yii\framework\web\CController.php(266): SiteController->runActionWithFilters()
#14 C:\wamp\www\yii\framework\web\CWebApplication.php(283): SiteController->run()
#15 C:\wamp\www\yii\framework\web\CWebApplication.php(142): CWebApplication->runController()
#16 C:\wamp\www\yii\framework\base\CApplication.php(162): CWebApplication->processRequest()
#17 C:\wamp\www\Hai_interactive\adminpanel\musicstore\index.php(13): CWebApplication->run()
REQUEST_URI=/musicstore/
in C:\wamp\www\Hai_interactive\adminpanel\musicstore\protected\views\layouts\main.php (53)
in C:\wamp\www\Hai_interactive\adminpanel\musicstore\protected\views\layouts\column1.php (6)
in C:\wamp\www\Hai_interactive\adminpanel\musicstore\protected\controllers\SiteController.php (32)
2014/06/14 16:36:21 [error] [php] Use of undefined constant POWERED_BY - assumed 'POWERED_BY' (C:\wamp\www\Hai_interactive\adminpanel\musicstore\protected\views\layouts\main.php:53)
Stack trace:
#0 C:\wamp\www\yii\framework\web\widgets\CContentDecorator.php(77): SiteController->renderFile()
#1 C:\wamp\www\yii\framework\web\widgets\CContentDecorator.php(55): CContentDecorator->decorate()
#2 C:\wamp\www\yii\framework\web\widgets\COutputProcessor.php(45): CContentDecorator->processOutput()
#3 C:\wamp\www\yii\framework\web\CBaseController.php(207): CContentDecorator->run()
#4 C:\wamp\www\yii\framework\web\CBaseController.php(301): SiteController->endWidget()
#5 C:\wamp\www\Hai_interactive\adminpanel\musicstore\protected\views\layouts\column1.php(6): SiteController->endContent()
#6 C:\wamp\www\yii\framework\web\CBaseController.php(127): require()
#7 C:\wamp\www\yii\framework\web\CBaseController.php(96): SiteController->renderInternal()
#8 C:\wamp\www\yii\framework\web\CController.php(785): SiteController->renderFile()
#9 C:\wamp\www\Hai_interactive\adminpanel\musicstore\protected\controllers\SiteController.php(32): SiteController->render()
#10 C:\wamp\www\yii\framework\web\actions\CInlineAction.php(50): SiteController->actionIndex()
#11 C:\wamp\www\yii\framework\web\CController.php(309): CInlineAction->runWithParams()
#12 C:\wamp\www\yii\framework\web\CController.php(287): SiteController->runAction()
#13 C:\wamp\www\yii\framework\web\CController.php(266): SiteController->runActionWithFilters()
#14 C:\wamp\www\yii\framework\web\CWebApplication.php(283): SiteController->run()
#15 C:\wamp\www\yii\framework\web\CWebApplication.php(142): CWebApplication->runController()
#16 C:\wamp\www\yii\framework\base\CApplication.php(162): CWebApplication->processRequest()
#17 C:\wamp\www\Hai_interactive\adminpanel\musicstore\index.php(13): CWebApplication->run()
REQUEST_URI=/musicstore/
in C:\wamp\www\Hai_interactive\adminpanel\musicstore\protected\views\layouts\main.php (53)
in C:\wamp\www\Hai_interactive\adminpanel\musicstore\protected\views\layouts\column1.php (6)
in C:\wamp\www\Hai_interactive\adminpanel\musicstore\protected\controllers\SiteController.php (32)
2014/06/14 16:38:41 [error] [php] Use of undefined constant POWERED_BY - assumed 'POWERED_BY' (C:\wamp\www\Hai_interactive\adminpanel\musicstore\protected\views\layouts\main.php:49)
Stack trace:
#0 C:\wamp\www\yii\framework\web\widgets\CContentDecorator.php(77): SiteController->renderFile()
#1 C:\wamp\www\yii\framework\web\widgets\CContentDecorator.php(55): CContentDecorator->decorate()
#2 C:\wamp\www\yii\framework\web\widgets\COutputProcessor.php(45): CContentDecorator->processOutput()
#3 C:\wamp\www\yii\framework\web\CBaseController.php(207): CContentDecorator->run()
#4 C:\wamp\www\yii\framework\web\CBaseController.php(301): SiteController->endWidget()
#5 C:\wamp\www\Hai_interactive\adminpanel\musicstore\protected\views\layouts\column1.php(6): SiteController->endContent()
#6 C:\wamp\www\yii\framework\web\CBaseController.php(127): require()
#7 C:\wamp\www\yii\framework\web\CBaseController.php(96): SiteController->renderInternal()
#8 C:\wamp\www\yii\framework\web\CController.php(785): SiteController->renderFile()
#9 C:\wamp\www\Hai_interactive\adminpanel\musicstore\protected\controllers\SiteController.php(32): SiteController->render()
#10 C:\wamp\www\yii\framework\web\actions\CInlineAction.php(50): SiteController->actionIndex()
#11 C:\wamp\www\yii\framework\web\CController.php(309): CInlineAction->runWithParams()
#12 C:\wamp\www\yii\framework\web\CController.php(287): SiteController->runAction()
#13 C:\wamp\www\yii\framework\web\CController.php(266): SiteController->runActionWithFilters()
#14 C:\wamp\www\yii\framework\web\CWebApplication.php(283): SiteController->run()
#15 C:\wamp\www\yii\framework\web\CWebApplication.php(142): CWebApplication->runController()
#16 C:\wamp\www\yii\framework\base\CApplication.php(162): CWebApplication->processRequest()
#17 C:\wamp\www\Hai_interactive\adminpanel\musicstore\index.php(13): CWebApplication->run()
REQUEST_URI=/musicstore/
in C:\wamp\www\Hai_interactive\adminpanel\musicstore\protected\views\layouts\main.php (49)
in C:\wamp\www\Hai_interactive\adminpanel\musicstore\protected\views\layouts\column1.php (6)
in C:\wamp\www\Hai_interactive\adminpanel\musicstore\protected\controllers\SiteController.php (32)
2014/06/14 16:38:42 [error] [php] Use of undefined constant POWERED_BY - assumed 'POWERED_BY' (C:\wamp\www\Hai_interactive\adminpanel\musicstore\protected\views\layouts\main.php:49)
Stack trace:
#0 C:\wamp\www\yii\framework\web\widgets\CContentDecorator.php(77): SiteController->renderFile()
#1 C:\wamp\www\yii\framework\web\widgets\CContentDecorator.php(55): CContentDecorator->decorate()
#2 C:\wamp\www\yii\framework\web\widgets\COutputProcessor.php(45): CContentDecorator->processOutput()
#3 C:\wamp\www\yii\framework\web\CBaseController.php(207): CContentDecorator->run()
#4 C:\wamp\www\yii\framework\web\CBaseController.php(301): SiteController->endWidget()
#5 C:\wamp\www\Hai_interactive\adminpanel\musicstore\protected\views\layouts\column1.php(6): SiteController->endContent()
#6 C:\wamp\www\yii\framework\web\CBaseController.php(127): require()
#7 C:\wamp\www\yii\framework\web\CBaseController.php(96): SiteController->renderInternal()
#8 C:\wamp\www\yii\framework\web\CController.php(785): SiteController->renderFile()
#9 C:\wamp\www\Hai_interactive\adminpanel\musicstore\protected\controllers\SiteController.php(32): SiteController->render()
#10 C:\wamp\www\yii\framework\web\actions\CInlineAction.php(50): SiteController->actionIndex()
#11 C:\wamp\www\yii\framework\web\CController.php(309): CInlineAction->runWithParams()
#12 C:\wamp\www\yii\framework\web\CController.php(287): SiteController->runAction()
#13 C:\wamp\www\yii\framework\web\CController.php(266): SiteController->runActionWithFilters()
#14 C:\wamp\www\yii\framework\web\CWebApplication.php(283): SiteController->run()
#15 C:\wamp\www\yii\framework\web\CWebApplication.php(142): CWebApplication->runController()
#16 C:\wamp\www\yii\framework\base\CApplication.php(162): CWebApplication->processRequest()
#17 C:\wamp\www\Hai_interactive\adminpanel\musicstore\index.php(13): CWebApplication->run()
REQUEST_URI=/musicstore/
in C:\wamp\www\Hai_interactive\adminpanel\musicstore\protected\views\layouts\main.php (49)
in C:\wamp\www\Hai_interactive\adminpanel\musicstore\protected\views\layouts\column1.php (6)
in C:\wamp\www\Hai_interactive\adminpanel\musicstore\protected\controllers\SiteController.php (32)
2014/06/14 16:38:52 [error] [php] Use of undefined constant POWERED_BY - assumed 'POWERED_BY' (C:\wamp\www\Hai_interactive\adminpanel\musicstore\protected\views\layouts\main.php:53)
Stack trace:
#0 C:\wamp\www\yii\framework\web\widgets\CContentDecorator.php(77): SiteController->renderFile()
#1 C:\wamp\www\yii\framework\web\widgets\CContentDecorator.php(55): CContentDecorator->decorate()
#2 C:\wamp\www\yii\framework\web\widgets\COutputProcessor.php(45): CContentDecorator->processOutput()
#3 C:\wamp\www\yii\framework\web\CBaseController.php(207): CContentDecorator->run()
#4 C:\wamp\www\yii\framework\web\CBaseController.php(301): SiteController->endWidget()
#5 C:\wamp\www\Hai_interactive\adminpanel\musicstore\protected\views\layouts\column1.php(6): SiteController->endContent()
#6 C:\wamp\www\yii\framework\web\CBaseController.php(127): require()
#7 C:\wamp\www\yii\framework\web\CBaseController.php(96): SiteController->renderInternal()
#8 C:\wamp\www\yii\framework\web\CController.php(785): SiteController->renderFile()
#9 C:\wamp\www\Hai_interactive\adminpanel\musicstore\protected\controllers\SiteController.php(32): SiteController->render()
#10 C:\wamp\www\yii\framework\web\actions\CInlineAction.php(50): SiteController->actionIndex()
#11 C:\wamp\www\yii\framework\web\CController.php(309): CInlineAction->runWithParams()
#12 C:\wamp\www\yii\framework\web\CController.php(287): SiteController->runAction()
#13 C:\wamp\www\yii\framework\web\CController.php(266): SiteController->runActionWithFilters()
#14 C:\wamp\www\yii\framework\web\CWebApplication.php(283): SiteController->run()
#15 C:\wamp\www\yii\framework\web\CWebApplication.php(142): CWebApplication->runController()
#16 C:\wamp\www\yii\framework\base\CApplication.php(162): CWebApplication->processRequest()
#17 C:\wamp\www\Hai_interactive\adminpanel\musicstore\index.php(13): CWebApplication->run()
REQUEST_URI=/musicstore/
in C:\wamp\www\Hai_interactive\adminpanel\musicstore\protected\views\layouts\main.php (53)
in C:\wamp\www\Hai_interactive\adminpanel\musicstore\protected\views\layouts\column1.php (6)
in C:\wamp\www\Hai_interactive\adminpanel\musicstore\protected\controllers\SiteController.php (32)
2014/06/14 16:39:19 [error] [php] Use of undefined constant POWERED_BY - assumed 'POWERED_BY' (C:\wamp\www\Hai_interactive\adminpanel\musicstore\protected\views\layouts\main.php:53)
Stack trace:
#0 C:\wamp\www\yii\framework\web\widgets\CContentDecorator.php(77): SiteController->renderFile()
#1 C:\wamp\www\yii\framework\web\widgets\CContentDecorator.php(55): CContentDecorator->decorate()
#2 C:\wamp\www\yii\framework\web\widgets\COutputProcessor.php(45): CContentDecorator->processOutput()
#3 C:\wamp\www\yii\framework\web\CBaseController.php(207): CContentDecorator->run()
#4 C:\wamp\www\yii\framework\web\CBaseController.php(301): SiteController->endWidget()
#5 C:\wamp\www\Hai_interactive\adminpanel\musicstore\protected\views\layouts\column1.php(6): SiteController->endContent()
#6 C:\wamp\www\yii\framework\web\CBaseController.php(127): require()
#7 C:\wamp\www\yii\framework\web\CBaseController.php(96): SiteController->renderInternal()
#8 C:\wamp\www\yii\framework\web\CController.php(785): SiteController->renderFile()
#9 C:\wamp\www\Hai_interactive\adminpanel\musicstore\protected\controllers\SiteController.php(32): SiteController->render()
#10 C:\wamp\www\yii\framework\web\actions\CInlineAction.php(50): SiteController->actionIndex()
#11 C:\wamp\www\yii\framework\web\CController.php(309): CInlineAction->runWithParams()
#12 C:\wamp\www\yii\framework\web\CController.php(287): SiteController->runAction()
#13 C:\wamp\www\yii\framework\web\CController.php(266): SiteController->runActionWithFilters()
#14 C:\wamp\www\yii\framework\web\CWebApplication.php(283): SiteController->run()
#15 C:\wamp\www\yii\framework\web\CWebApplication.php(142): CWebApplication->runController()
#16 C:\wamp\www\yii\framework\base\CApplication.php(162): CWebApplication->processRequest()
#17 C:\wamp\www\Hai_interactive\adminpanel\musicstore\index.php(13): CWebApplication->run()
REQUEST_URI=/musicstore/
in C:\wamp\www\Hai_interactive\adminpanel\musicstore\protected\views\layouts\main.php (53)
in C:\wamp\www\Hai_interactive\adminpanel\musicstore\protected\views\layouts\column1.php (6)
in C:\wamp\www\Hai_interactive\adminpanel\musicstore\protected\controllers\SiteController.php (32)
2014/06/14 16:39:20 [error] [php] Use of undefined constant POWERED_BY - assumed 'POWERED_BY' (C:\wamp\www\Hai_interactive\adminpanel\musicstore\protected\views\layouts\main.php:53)
Stack trace:
#0 C:\wamp\www\yii\framework\web\widgets\CContentDecorator.php(77): SiteController->renderFile()
#1 C:\wamp\www\yii\framework\web\widgets\CContentDecorator.php(55): CContentDecorator->decorate()
#2 C:\wamp\www\yii\framework\web\widgets\COutputProcessor.php(45): CContentDecorator->processOutput()
#3 C:\wamp\www\yii\framework\web\CBaseController.php(207): CContentDecorator->run()
#4 C:\wamp\www\yii\framework\web\CBaseController.php(301): SiteController->endWidget()
#5 C:\wamp\www\Hai_interactive\adminpanel\musicstore\protected\views\layouts\column1.php(6): SiteController->endContent()
#6 C:\wamp\www\yii\framework\web\CBaseController.php(127): require()
#7 C:\wamp\www\yii\framework\web\CBaseController.php(96): SiteController->renderInternal()
#8 C:\wamp\www\yii\framework\web\CController.php(785): SiteController->renderFile()
#9 C:\wamp\www\Hai_interactive\adminpanel\musicstore\protected\controllers\SiteController.php(32): SiteController->render()
#10 C:\wamp\www\yii\framework\web\actions\CInlineAction.php(50): SiteController->actionIndex()
#11 C:\wamp\www\yii\framework\web\CController.php(309): CInlineAction->runWithParams()
#12 C:\wamp\www\yii\framework\web\CController.php(287): SiteController->runAction()
#13 C:\wamp\www\yii\framework\web\CController.php(266): SiteController->runActionWithFilters()
#14 C:\wamp\www\yii\framework\web\CWebApplication.php(283): SiteController->run()
#15 C:\wamp\www\yii\framework\web\CWebApplication.php(142): CWebApplication->runController()
#16 C:\wamp\www\yii\framework\base\CApplication.php(162): CWebApplication->processRequest()
#17 C:\wamp\www\Hai_interactive\adminpanel\musicstore\index.php(13): CWebApplication->run()
REQUEST_URI=/musicstore/
in C:\wamp\www\Hai_interactive\adminpanel\musicstore\protected\views\layouts\main.php (53)
in C:\wamp\www\Hai_interactive\adminpanel\musicstore\protected\views\layouts\column1.php (6)
in C:\wamp\www\Hai_interactive\adminpanel\musicstore\protected\controllers\SiteController.php (32)
2014/06/14 16:39:20 [error] [php] Use of undefined constant POWERED_BY - assumed 'POWERED_BY' (C:\wamp\www\Hai_interactive\adminpanel\musicstore\protected\views\layouts\main.php:53)
Stack trace:
#0 C:\wamp\www\yii\framework\web\widgets\CContentDecorator.php(77): SiteController->renderFile()
#1 C:\wamp\www\yii\framework\web\widgets\CContentDecorator.php(55): CContentDecorator->decorate()
#2 C:\wamp\www\yii\framework\web\widgets\COutputProcessor.php(45): CContentDecorator->processOutput()
#3 C:\wamp\www\yii\framework\web\CBaseController.php(207): CContentDecorator->run()
#4 C:\wamp\www\yii\framework\web\CBaseController.php(301): SiteController->endWidget()
#5 C:\wamp\www\Hai_interactive\adminpanel\musicstore\protected\views\layouts\column1.php(6): SiteController->endContent()
#6 C:\wamp\www\yii\framework\web\CBaseController.php(127): require()
#7 C:\wamp\www\yii\framework\web\CBaseController.php(96): SiteController->renderInternal()
#8 C:\wamp\www\yii\framework\web\CController.php(785): SiteController->renderFile()
#9 C:\wamp\www\Hai_interactive\adminpanel\musicstore\protected\controllers\SiteController.php(32): SiteController->render()
#10 C:\wamp\www\yii\framework\web\actions\CInlineAction.php(50): SiteController->actionIndex()
#11 C:\wamp\www\yii\framework\web\CController.php(309): CInlineAction->runWithParams()
#12 C:\wamp\www\yii\framework\web\CController.php(287): SiteController->runAction()
#13 C:\wamp\www\yii\framework\web\CController.php(266): SiteController->runActionWithFilters()
#14 C:\wamp\www\yii\framework\web\CWebApplication.php(283): SiteController->run()
#15 C:\wamp\www\yii\framework\web\CWebApplication.php(142): CWebApplication->runController()
#16 C:\wamp\www\yii\framework\base\CApplication.php(162): CWebApplication->processRequest()
#17 C:\wamp\www\Hai_interactive\adminpanel\musicstore\index.php(13): CWebApplication->run()
REQUEST_URI=/musicstore/
in C:\wamp\www\Hai_interactive\adminpanel\musicstore\protected\views\layouts\main.php (53)
in C:\wamp\www\Hai_interactive\adminpanel\musicstore\protected\views\layouts\column1.php (6)
in C:\wamp\www\Hai_interactive\adminpanel\musicstore\protected\controllers\SiteController.php (32)
2014/06/14 16:39:20 [error] [php] Use of undefined constant POWERED_BY - assumed 'POWERED_BY' (C:\wamp\www\Hai_interactive\adminpanel\musicstore\protected\views\layouts\main.php:53)
Stack trace:
#0 C:\wamp\www\yii\framework\web\widgets\CContentDecorator.php(77): SiteController->renderFile()
#1 C:\wamp\www\yii\framework\web\widgets\CContentDecorator.php(55): CContentDecorator->decorate()
#2 C:\wamp\www\yii\framework\web\widgets\COutputProcessor.php(45): CContentDecorator->processOutput()
#3 C:\wamp\www\yii\framework\web\CBaseController.php(207): CContentDecorator->run()
#4 C:\wamp\www\yii\framework\web\CBaseController.php(301): SiteController->endWidget()
#5 C:\wamp\www\Hai_interactive\adminpanel\musicstore\protected\views\layouts\column1.php(6): SiteController->endContent()
#6 C:\wamp\www\yii\framework\web\CBaseController.php(127): require()
#7 C:\wamp\www\yii\framework\web\CBaseController.php(96): SiteController->renderInternal()
#8 C:\wamp\www\yii\framework\web\CController.php(785): SiteController->renderFile()
#9 C:\wamp\www\Hai_interactive\adminpanel\musicstore\protected\controllers\SiteController.php(32): SiteController->render()
#10 C:\wamp\www\yii\framework\web\actions\CInlineAction.php(50): SiteController->actionIndex()
#11 C:\wamp\www\yii\framework\web\CController.php(309): CInlineAction->runWithParams()
#12 C:\wamp\www\yii\framework\web\CController.php(287): SiteController->runAction()
#13 C:\wamp\www\yii\framework\web\CController.php(266): SiteController->runActionWithFilters()
#14 C:\wamp\www\yii\framework\web\CWebApplication.php(283): SiteController->run()
#15 C:\wamp\www\yii\framework\web\CWebApplication.php(142): CWebApplication->runController()
#16 C:\wamp\www\yii\framework\base\CApplication.php(162): CWebApplication->processRequest()
#17 C:\wamp\www\Hai_interactive\adminpanel\musicstore\index.php(13): CWebApplication->run()
REQUEST_URI=/musicstore/
in C:\wamp\www\Hai_interactive\adminpanel\musicstore\protected\views\layouts\main.php (53)
in C:\wamp\www\Hai_interactive\adminpanel\musicstore\protected\views\layouts\column1.php (6)
in C:\wamp\www\Hai_interactive\adminpanel\musicstore\protected\controllers\SiteController.php (32)
2014/06/14 16:40:42 [error] [php] Use of undefined constant POWERED_BY - assumed 'POWERED_BY' (C:\wamp\www\Hai_interactive\adminpanel\musicstore\protected\views\layouts\main.php:53)
Stack trace:
#0 C:\wamp\www\yii\framework\web\widgets\CContentDecorator.php(77): SiteController->renderFile()
#1 C:\wamp\www\yii\framework\web\widgets\CContentDecorator.php(55): CContentDecorator->decorate()
#2 C:\wamp\www\yii\framework\web\widgets\COutputProcessor.php(45): CContentDecorator->processOutput()
#3 C:\wamp\www\yii\framework\web\CBaseController.php(207): CContentDecorator->run()
#4 C:\wamp\www\yii\framework\web\CBaseController.php(301): SiteController->endWidget()
#5 C:\wamp\www\Hai_interactive\adminpanel\musicstore\protected\views\layouts\column1.php(6): SiteController->endContent()
#6 C:\wamp\www\yii\framework\web\CBaseController.php(127): require()
#7 C:\wamp\www\yii\framework\web\CBaseController.php(96): SiteController->renderInternal()
#8 C:\wamp\www\yii\framework\web\CController.php(785): SiteController->renderFile()
#9 C:\wamp\www\Hai_interactive\adminpanel\musicstore\protected\controllers\SiteController.php(32): SiteController->render()
#10 C:\wamp\www\yii\framework\web\actions\CInlineAction.php(50): SiteController->actionIndex()
#11 C:\wamp\www\yii\framework\web\CController.php(309): CInlineAction->runWithParams()
#12 C:\wamp\www\yii\framework\web\CController.php(287): SiteController->runAction()
#13 C:\wamp\www\yii\framework\web\CController.php(266): SiteController->runActionWithFilters()
#14 C:\wamp\www\yii\framework\web\CWebApplication.php(283): SiteController->run()
#15 C:\wamp\www\yii\framework\web\CWebApplication.php(142): CWebApplication->runController()
#16 C:\wamp\www\yii\framework\base\CApplication.php(162): CWebApplication->processRequest()
#17 C:\wamp\www\Hai_interactive\adminpanel\musicstore\index.php(13): CWebApplication->run()
REQUEST_URI=/musicstore/
in C:\wamp\www\Hai_interactive\adminpanel\musicstore\protected\views\layouts\main.php (53)
in C:\wamp\www\Hai_interactive\adminpanel\musicstore\protected\views\layouts\column1.php (6)
in C:\wamp\www\Hai_interactive\adminpanel\musicstore\protected\controllers\SiteController.php (32)
2014/06/14 16:40:43 [error] [php] Use of undefined constant POWERED_BY - assumed 'POWERED_BY' (C:\wamp\www\Hai_interactive\adminpanel\musicstore\protected\views\layouts\main.php:53)
Stack trace:
#0 C:\wamp\www\yii\framework\web\widgets\CContentDecorator.php(77): SiteController->renderFile()
#1 C:\wamp\www\yii\framework\web\widgets\CContentDecorator.php(55): CContentDecorator->decorate()
#2 C:\wamp\www\yii\framework\web\widgets\COutputProcessor.php(45): CContentDecorator->processOutput()
#3 C:\wamp\www\yii\framework\web\CBaseController.php(207): CContentDecorator->run()
#4 C:\wamp\www\yii\framework\web\CBaseController.php(301): SiteController->endWidget()
#5 C:\wamp\www\Hai_interactive\adminpanel\musicstore\protected\views\layouts\column1.php(6): SiteController->endContent()
#6 C:\wamp\www\yii\framework\web\CBaseController.php(127): require()
#7 C:\wamp\www\yii\framework\web\CBaseController.php(96): SiteController->renderInternal()
#8 C:\wamp\www\yii\framework\web\CController.php(785): SiteController->renderFile()
#9 C:\wamp\www\Hai_interactive\adminpanel\musicstore\protected\controllers\SiteController.php(32): SiteController->render()
#10 C:\wamp\www\yii\framework\web\actions\CInlineAction.php(50): SiteController->actionIndex()
#11 C:\wamp\www\yii\framework\web\CController.php(309): CInlineAction->runWithParams()
#12 C:\wamp\www\yii\framework\web\CController.php(287): SiteController->runAction()
#13 C:\wamp\www\yii\framework\web\CController.php(266): SiteController->runActionWithFilters()
#14 C:\wamp\www\yii\framework\web\CWebApplication.php(283): SiteController->run()
#15 C:\wamp\www\yii\framework\web\CWebApplication.php(142): CWebApplication->runController()
#16 C:\wamp\www\yii\framework\base\CApplication.php(162): CWebApplication->processRequest()
#17 C:\wamp\www\Hai_interactive\adminpanel\musicstore\index.php(13): CWebApplication->run()
REQUEST_URI=/musicstore/
in C:\wamp\www\Hai_interactive\adminpanel\musicstore\protected\views\layouts\main.php (53)
in C:\wamp\www\Hai_interactive\adminpanel\musicstore\protected\views\layouts\column1.php (6)
in C:\wamp\www\Hai_interactive\adminpanel\musicstore\protected\controllers\SiteController.php (32)
2014/06/14 16:40:43 [error] [php] Use of undefined constant POWERED_BY - assumed 'POWERED_BY' (C:\wamp\www\Hai_interactive\adminpanel\musicstore\protected\views\layouts\main.php:53)
Stack trace:
#0 C:\wamp\www\yii\framework\web\widgets\CContentDecorator.php(77): SiteController->renderFile()
#1 C:\wamp\www\yii\framework\web\widgets\CContentDecorator.php(55): CContentDecorator->decorate()
#2 C:\wamp\www\yii\framework\web\widgets\COutputProcessor.php(45): CContentDecorator->processOutput()
#3 C:\wamp\www\yii\framework\web\CBaseController.php(207): CContentDecorator->run()
#4 C:\wamp\www\yii\framework\web\CBaseController.php(301): SiteController->endWidget()
#5 C:\wamp\www\Hai_interactive\adminpanel\musicstore\protected\views\layouts\column1.php(6): SiteController->endContent()
#6 C:\wamp\www\yii\framework\web\CBaseController.php(127): require()
#7 C:\wamp\www\yii\framework\web\CBaseController.php(96): SiteController->renderInternal()
#8 C:\wamp\www\yii\framework\web\CController.php(785): SiteController->renderFile()
#9 C:\wamp\www\Hai_interactive\adminpanel\musicstore\protected\controllers\SiteController.php(32): SiteController->render()
#10 C:\wamp\www\yii\framework\web\actions\CInlineAction.php(50): SiteController->actionIndex()
#11 C:\wamp\www\yii\framework\web\CController.php(309): CInlineAction->runWithParams()
#12 C:\wamp\www\yii\framework\web\CController.php(287): SiteController->runAction()
#13 C:\wamp\www\yii\framework\web\CController.php(266): SiteController->runActionWithFilters()
#14 C:\wamp\www\yii\framework\web\CWebApplication.php(283): SiteController->run()
#15 C:\wamp\www\yii\framework\web\CWebApplication.php(142): CWebApplication->runController()
#16 C:\wamp\www\yii\framework\base\CApplication.php(162): CWebApplication->processRequest()
#17 C:\wamp\www\Hai_interactive\adminpanel\musicstore\index.php(13): CWebApplication->run()
REQUEST_URI=/musicstore/
in C:\wamp\www\Hai_interactive\adminpanel\musicstore\protected\views\layouts\main.php (53)
in C:\wamp\www\Hai_interactive\adminpanel\musicstore\protected\views\layouts\column1.php (6)
in C:\wamp\www\Hai_interactive\adminpanel\musicstore\protected\controllers\SiteController.php (32)
